<?xml version="1.0" encoding="UTF-8"?>
<!-- Generated by org.testng.reporters.JUnitReportReporter -->
<testsuite hostname="Santosh-PC" name="print.printClass" tests="1" failures="0" timestamp="11 Mar 2017 11:54:22 GMT" time="0.030" errors="0">
  <testcase name="main" time="0.030" classname="print.printClass"/>
</testsuite> <!-- print.printClass -->
